#
# There is insufficient memory for the Java Runtime Environment to continue.
# Native memory allocation (mmap) failed to map 268435456 bytes for G1 virtual space
# Possible reasons:
#   The system is out of physical RAM or swap space
#   The process is running with CompressedOops enabled, and the Java Heap may be blocking the growth of the native heap
# Possible solutions:
#   Reduce memory load on the system
#   Increase physical memory or swap space
#   Check if swap backing store is full
#   Decrease Java heap size (-Xmx/-Xms)
#   Decrease number of Java threads
#   Decrease Java thread stack sizes (-Xss)
#   Set larger code cache with -XX:ReservedCodeCacheSize=
#   JVM is running with Zero Based Compressed Oops mode in which the Java heap is
#     placed in the first 32GB address space. The Java Heap base address is the
#     maximum limit for the native heap growth. Please use -XX:HeapBaseMinAddress
#     to set the Java Heap base and to place the Java Heap above 32GB virtual address.
# This output file may be truncated or incomplete.
#
#  Out of Memory Error (os_windows.cpp:3466), pid=26088, tid=3632
#
# JRE version:  (16.0.2+7) (build )
# Java VM: Java HotSpot(TM) 64-Bit Server VM (16.0.2+7-67, mixed mode, sharing, tiered, compressed oops, compressed class ptrs, g1 gc, windows-amd64)
# No core dump will be written. Minidumps are not enabled by default on client versions of Windows
#

---------------  S U M M A R Y ------------

Command Line: -XX:TieredStopAtLevel=1 -Xverify:none -Dspring.output.ansi.enabled=always -Dcom.sun.management.jmxremote -Dspring.jmx.enabled=true -Dspring.liveBeansView.mbeanDomain -Dspring.application.admin.enabled=true -javaagent:D:\ÏÎ\JetBrains\IntelliJ IDEA 2021.3.2\lib\idea_rt.jar=62435:D:\ÏÎ\JetBrains\IntelliJ IDEA 2021.3.2\bin -Dfile.encoding=UTF-8 com.project.alarcha.AlarchaApplication

Host: Intel(R) Core(TM) i7-7600U CPU @ 2.80GHz, 4 cores, 15G,  Windows 10 , 64 bit Build 18362 (10.0.18362.959)
Time: Sun May 22 15:44:32 2022 Öåíòðàëüíàÿ Àçèÿ (çèìà) elapsed time: 0.072267 seconds (0d 0h 0m 0s)

---------------  T H R E A D  ---------------

Current thread (0x00000141856caef0):  JavaThread "Unknown thread" [_thread_in_vm, id=3632, stack(0x0000002b89600000,0x0000002b89700000)]

Stack: [0x0000002b89600000,0x0000002b89700000]
Native frames: (J=compiled Java code, j=interpreted, Vv=VM code, C=native code)
V  [jvm.dll+0x6681ca]
V  [jvm.dll+0x7c9e69]
V  [jvm.dll+0x7cb61e]
V  [jvm.dll+0x7cbc73]
V  [jvm.dll+0x242c55]
V  [jvm.dll+0x664f89]
V  [jvm.dll+0x659b75]
V  [jvm.dll+0x2fbfbb]
V  [jvm.dll+0x3031b6]
V  [jvm.dll+0x35299e]
V  [jvm.dll+0x352bcf]
V  [jvm.dll+0x2d3028]
V  [jvm.dll+0x2d4264]
V  [jvm.dll+0x79c741]
V  [jvm.dll+0x360791]
V  [jvm.dll+0x77a3f0]
V  [jvm.dll+0x3e4e8f]
V  [jvm.dll+0x3e6961]
C  [jli.dll+0x52fb]
C  [ucrtbase.dll+0x20e82]
C  [KERNEL32.DLL+0x17bd4]
C  [ntdll.dll+0x6ce51]


---------------  P R O C E S S  ---------------

Threads class SMR info:
_java_thread_list=0x00007ff83586cbb8, length=0, elements={
}

Java Threads: ( => current thread )

Other Threads:
  0x00000141857193e0 GCTaskThread "GC Thread#0" [stack: 0x0000002b89700000,0x0000002b89800000] [id=23044]
  0x000001418572b580 ConcurrentGCThread "G1 Main Marker" [stack: 0x0000002b89800000,0x0000002b89900000] [id=3768]
  0x000001418572cf10 ConcurrentGCThread "G1 Conc#0" [stack: 0x0000002b89900000,0x0000002b89a00000] [id=22676]

[error occurred during error reporting (printing all threads), id 0xc0000005, EXCEPTION_ACCESS_VIOLATION (0xc0000005) at pc=0x00007ff835043ee7]

VM state: not at safepoint (not fully initialized)

VM Mutex/Monitor currently owned by a thread:  ([mutex/lock_event])
[0x00000141856c5e50] Heap_lock - owner thread: 0x00000141856caef0

Heap address: 0x0000000701c00000, size: 4068 MB, Compressed Oops mode: Zero based, Oop shift amount: 3

CDS archive(s) mapped at: [0x0000000000000000-0x0000000000000000-0x0000000000000000), size 0, SharedBaseAddress: 0x0000000800000000, ArchiveRelocationMode: 0.
Narrow klass base: 0x0000000000000000, Narrow klass shift: 0, Narrow klass range: 0x0

GC Precious Log:
<Empty>

Heap:
 garbage-first heap   total 0K, used 0K [0x0000000701c00000, 0x0000000800000000)
  region size 2048K, 0 young (0K), 0 survivors (0K)

[error occurred during error reporting (printing heap information), id 0xc0000005, EXCEPTION_ACCESS_VIOLATION (0xc0000005) at pc=0x00007ff835421eed]

GC Heap History (0 events):
No events

Deoptimization events (0 events):
No events

Classes unloaded (0 events):
No events

Classes redefined (0 events):
No events

Internal exceptions (0 events):
No events

Events (1 events):
Event: 0.055 Loaded shared library C:\Program Files\Java\jdk-16.0.2\bin\java.dll


Dynamic libraries:
0x00007ff7bfdd0000 - 0x00007ff7bfde0000 	C:\Program Files\Java\jdk-16.0.2\bin\java.exe
0x00007ff892a40000 - 0x00007ff892c30000 	C:\Windows\SYSTEM32\ntdll.dll
0x00007ff891a20000 - 0x00007ff891ad2000 	C:\Windows\System32\KERNEL32.DLL
0x00007ff88f990000 - 0x00007ff88fc34000 	C:\Windows\System32\KERNELBASE.dll
0x00007ff88fde0000 - 0x00007ff88feda000 	C:\Windows\System32\ucrtbase.dll
0x00007ff8818d0000 - 0x00007ff8818e8000 	C:\Program Files\Java\jdk-16.0.2\bin\jli.dll
0x00007ff881840000 - 0x00007ff881859000 	C:\Program Files\Java\jdk-16.0.2\bin\VCRUNTIME140.dll
0x00007ff8915b0000 - 0x00007ff891653000 	C:\Windows\System32\ADVAPI32.dll
0x00007ff8918c0000 - 0x00007ff89195e000 	C:\Windows\System32\msvcrt.dll
0x00007ff891730000 - 0x00007ff8917c7000 	C:\Windows\System32\sechost.dll
0x00007ff891410000 - 0x00007ff891530000 	C:\Windows\System32\RPCRT4.dll
0x00007ff892390000 - 0x00007ff892525000 	C:\Windows\System32\USER32.dll
0x00007ff8900b0000 - 0x00007ff8900d1000 	C:\Windows\System32\win32u.dll
0x00007ff891890000 - 0x00007ff8918b6000 	C:\Windows\System32\GDI32.dll
0x00007ff88fc40000 - 0x00007ff88fdd6000 	C:\Windows\System32\gdi32full.dll
0x00007ff88ffb0000 - 0x00007ff89004e000 	C:\Windows\System32\msvcp_win.dll
0x00007ff87cf50000 - 0x00007ff87d1d4000 	C:\Windows\WinSxS\amd64_microsoft.windows.common-controls_6595b64144ccf1df_6.0.18362.1016_none_9e7a36bbe461dae4\COMCTL32.dll
0x00007ff890fe0000 - 0x00007ff891315000 	C:\Windows\System32\combase.dll
0x00007ff88ff30000 - 0x00007ff88ffb0000 	C:\Windows\System32\bcryptPrimitives.dll
0x00007ff886640000 - 0x00007ff88664a000 	C:\Windows\SYSTEM32\VERSION.dll
0x00007ff890ac0000 - 0x00007ff890aee000 	C:\Windows\System32\IMM32.DLL
0x00007ff883d30000 - 0x00007ff883d3c000 	C:\Program Files\Java\jdk-16.0.2\bin\vcruntime140_1.dll
0x00007ff8728b0000 - 0x00007ff872941000 	C:\Program Files\Java\jdk-16.0.2\bin\msvcp140.dll
0x00007ff834d60000 - 0x00007ff83590b000 	C:\Program Files\Java\jdk-16.0.2\bin\server\jvm.dll
0x00007ff892820000 - 0x00007ff892828000 	C:\Windows\System32\PSAPI.DLL
0x00007ff88d190000 - 0x00007ff88d1b4000 	C:\Windows\SYSTEM32\WINMM.dll
0x00007ff88b8d0000 - 0x00007ff88b8fd000 	C:\Windows\SYSTEM32\WINMMBASE.dll
0x00007ff88fee0000 - 0x00007ff88ff2a000 	C:\Windows\System32\cfgmgr32.dll
0x00007ff878740000 - 0x00007ff878749000 	C:\Windows\SYSTEM32\WSOCK32.dll
0x00007ff892830000 - 0x00007ff89289f000 	C:\Windows\System32\WS2_32.dll
0x00007ff88f920000 - 0x00007ff88f931000 	C:\Windows\System32\kernel.appcore.dll
0x00007ff883760000 - 0x00007ff88376a000 	C:\Program Files\Java\jdk-16.0.2\bin\jimage.dll
0x00007ff88e1d0000 - 0x00007ff88e3c4000 	C:\Windows\SYSTEM32\DBGHELP.DLL
0x00007ff877d20000 - 0x00007ff877d4a000 	C:\Windows\SYSTEM32\dbgcore.DLL
0x00007ff882a30000 - 0x00007ff882a3e000 	C:\Program Files\Java\jdk-16.0.2\bin\instrument.dll
0x00007ff8817b0000 - 0x00007ff8817d5000 	C:\Program Files\Java\jdk-16.0.2\bin\java.dll

dbghelp: loaded successfully - version: 4.0.5 - missing functions: none
symbol engine: initialized successfully - sym options: 0x614 - pdb path: .;C:\Program Files\Java\jdk-16.0.2\bin;C:\Windows\SYSTEM32;C:\Windows\WinSxS\amd64_microsoft.windows.common-controls_6595b64144ccf1df_6.0.18362.1016_none_9e7a36bbe461dae4;C:\Program Files\Java\jdk-16.0.2\bin\server

VM Arguments:
jvm_args: -XX:TieredStopAtLevel=1 -Xverify:none -Dspring.output.ansi.enabled=always -Dcom.sun.management.jmxremote -Dspring.jmx.enabled=true -Dspring.liveBeansView.mbeanDomain -Dspring.application.admin.enabled=true -javaagent:D:\ÏÎ\JetBrains\IntelliJ IDEA 2021.3.2\lib\idea_rt.jar=62435:D:\ÏÎ\JetBrains\IntelliJ IDEA 2021.3.2\bin -Dfile.encoding=UTF-8 
java_command: com.project.alarcha.AlarchaApplication
java_class_path (initial): D:\Inai2\java\spring\alarcha22\merge\alarcha_backend\target\classes;C:\Users\Admin\.m2\repository\org\springframework\boot\spring-boot-starter-data-jpa\2.6.4\spring-boot-starter-data-jpa-2.6.4.jar;C:\Users\Admin\.m2\repository\org\springframework\boot\spring-boot-starter-aop\2.6.4\spring-boot-starter-aop-2.6.4.jar;C:\Users\Admin\.m2\repository\org\aspectj\aspectjweaver\1.9.7\aspectjweaver-1.9.7.jar;C:\Users\Admin\.m2\repository\jakarta\transaction\jakarta.transaction-api\1.3.3\jakarta.transaction-api-1.3.3.jar;C:\Users\Admin\.m2\repository\jakarta\persistence\jakarta.persistence-api\2.2.3\jakarta.persistence-api-2.2.3.jar;C:\Users\Admin\.m2\repository\org\hibernate\hibernate-core\5.6.5.Final\hibernate-core-5.6.5.Final.jar;C:\Users\Admin\.m2\repository\org\jboss\logging\jboss-logging\3.4.3.Final\jboss-logging-3.4.3.Final.jar;C:\Users\Admin\.m2\repository\net\bytebuddy\byte-buddy\1.11.22\byte-buddy-1.11.22.jar;C:\Users\Admin\.m2\repository\antlr\antlr\2.7.7\antlr-2.7.7.jar;C:\Users\Admin\.m2\repository\org\jboss\jandex\2.4.2.Final\jandex-2.4.2.Final.jar;C:\Users\Admin\.m2\repository\com\fasterxml\classmate\1.5.1\classmate-1.5.1.jar;C:\Users\Admin\.m2\repository\org\hibernate\common\hibernate-commons-annotations\5.1.2.Final\hibernate-commons-annotations-5.1.2.Final.jar;C:\Users\Admin\.m2\repository\org\glassfish\jaxb\jaxb-runtime\2.3.6\jaxb-runtime-2.3.6.jar;C:\Users\Admin\.m2\repository\org\glassfish\jaxb\txw2\2.3.6\txw2-2.3.6.jar;C:\Users\Admin\.m2\repository\com\sun\istack\istack-commons-runtime\3.0.12\istack-commons-runtime-3.0.12.jar;C:\Users\Admin\.m2\repository\org\springframework\data\spring-data-jpa\2.6.2\spring-data-jpa-2.6.2.jar;C:\Users\Admin\.m2\repository\org\springframework\data\spring-data-commons\2.6.2\spring-data-commons-2.6.2.jar;C:\Users\Admin\.m2\repository\org\springframework\spring-orm\5.3.16\spring-orm-5.3.16.jar;C:\Users\Admin\.m2\repository\org\springframework\spring-context\5.3.16\spring-context-5.3.16.jar;C:\User
Launcher Type: SUN_STANDARD

[Global flags]
     intx CICompilerCount                          = 3                                         {product} {ergonomic}
     uint ConcGCThreads                            = 1                                         {product} {ergonomic}
     uint G1ConcRefinementThreads                  = 4                                         {product} {ergonomic}
   size_t G1HeapRegionSize                         = 2097152                                   {product} {ergonomic}
    uintx GCDrainStackTargetSize                   = 64                                        {product} {ergonomic}
   size_t InitialHeapSize                          = 268435456                                 {product} {ergonomic}
     bool ManagementServer                         = true                                      {product} {command line}
   size_t MarkStackSize                            = 4194304                                   {product} {ergonomic}
   size_t MaxHeapSize                              = 4265607168                                {product} {ergonomic}
   size_t MinHeapDeltaBytes                        = 2097152                                   {product} {ergonomic}
   size_t MinHeapSize                              = 8388608                                   {product} {ergonomic}
    uintx NonNMethodCodeHeapSize                   = 6973028                                {pd product} {ergonomic}
    uintx NonProfiledCodeHeapSize                  = 244685212                              {pd product} {ergonomic}
    uintx ProfiledCodeHeapSize                     = 0                                      {pd product} {ergonomic}
    uintx ReservedCodeCacheSize                    = 251658240                              {pd product} {ergonomic}
     bool SegmentedCodeCache                       = true                                      {product} {ergonomic}
   size_t SoftMaxHeapSize                          = 4265607168                             {manageable} {ergonomic}
     intx TieredStopAtLevel                        = 1                                         {product} {command line}
     bool UseCompressedClassPointers               = true                           {product lp64_product} {ergonomic}
     bool UseCompressedOops                        = true                           {product lp64_product} {ergonomic}
     bool UseG1GC                                  = true                                      {product} {ergonomic}
     bool UseLargePagesIndividualAllocation        = false                                  {pd product} {ergonomic}

Logging:
Log output configuration:
 #0: stdout all=warning uptime,level,tags
 #1: stderr all=off uptime,level,tags

Environment Variables:
PATH=C:\Program Files\Common Files\Oracle\Java\javapath;C:\Program Files (x86)\Common Files\Oracle\Java\javapath;C:\Python38\Scripts\;C:\Python38\;C:\Windows\system32;C:\Windows;C:\Windows\System32\Wbem;C:\Windows\System32\WindowsPowerShell\v1.0\;C:\Windows\System32\OpenSSH\;D:\ÏÎ\Microsoft VS Code\bin;C:\ProgramData\chocolatey\bin;D:\ÏÎ\Git\cmd;C:\Program Files (x86)\dotnet\;C:\Program Files\nodejs\;C:\Python\Scripts\;C:\Python\;C:\Python3\Scripts\;C:\Python3\;C:\Users\Admin\AppData\Local\Microsoft\WindowsApps;C:\Program Files\JetBrains\IntelliJ IDEA Community Edition 2021.2.2\bin;C:\Program Files\JetBrains\IntelliJ IDEA Community Edition 2021.2.2\bin;;C:\Users\Admin\AppData\Roaming\npm;D:\ÏÎ\JetBrains\IntelliJ IDEA 2021.3.2\bin;
USERNAME=Admin
OS=Windows_NT
PROCESSOR_IDENTIFIER=Intel64 Family 6 Model 142 Stepping 9, GenuineIntel



---------------  S Y S T E M  ---------------

OS:
 Windows 10 , 64 bit Build 18362 (10.0.18362.959)
OS uptime: 17 days 18:39 hours

CPU: total 4 (initial active 4) (2 cores per cpu, 2 threads per core) family 6 model 142 stepping 9 microcode 0x8e, cx8, cmov, fxsr, ht, mmx, 3dnowpref, sse, sse2, sse3, ssse3, sse4.1, sse4.2, popcnt, lzcnt, tsc, tscinvbit, avx, avx2, aes, erms, clmul, bmi1, bmi2, rtm, adx, fma, vzeroupper, clflush, clflushopt

Memory: 4k page, system-wide physical 16265M (1032M free)
TotalPageFile size 25078M (AvailPageFile size 30M)
current process WorkingSet (physical memory assigned to process): 10M, peak: 10M
current process commit charge ("private bytes"): 49M, peak: 305M

vm_info: Java HotSpot(TM) 64-Bit Server VM (16.0.2+7-67) for windows-amd64 JRE (16.0.2+7-67), built on Jun  8 2021 23:24:19 by "mach5one" with MS VC++ 16.7 (VS2019)

END.
